<?xml version="1.0" encoding="UTF-8"?>
<!-- Generated by org.testng.reporters.JUnitXMLReporter -->
<testsuite ignored="2" hostname="DESKTOP-0D6IDBN" failures="0" tests="2" name="Test" time="112.879" errors="0" timestamp="2023-04-27T17:40:17 IST">
  <testcase classname="OTT_Automation.TestNg.TestCase" name="User_able_to_login" time="54.556"/>
  <testcase classname="OTT_Automation.TestNg.TestCase" name="f2" time="0.002"/>
  <testcase classname="OTT_Automation.TestNg.TestCase" name="User_able_to_goto_detail_page" time="0.0">
    <ignored/>
  </testcase> <!-- User_able_to_goto_detail_page -->
  <testcase classname="OTT_Automation.TestNg.TestCase" name="User_able_to_search_a_movie" time="0.0">
    <ignored/>
  </testcase> <!-- User_able_to_search_a_movie -->
</testsuite> <!-- Test -->
